\BOOKMARK [1][-]{section.1}{\376\377\000H\000y\000d\000r\000a\000\040\000M\000o\000r\000p\000h\000o\000g\000e\000n\000e\000s\000i\000s\000\040\000a\000n\000d\000\040\000r\000e\000g\000e\000n\000e\000r\000a\000t\000i\000v\000e\000\040\000p\000r\000o\000p\000e\000r\000t\000i\000e\000s}{}% 1
\BOOKMARK [2][-]{subsection.1.1}{\376\377\000A\000n\000a\000t\000o\000m\000y\000\040\000o\000f\000\040\000a\000\040\000H\000y\000d\000r\000a}{section.1}% 2
\BOOKMARK [2][-]{subsection.1.2}{\376\377\000A\000\040\000f\000e\000w\000\040\000w\000o\000r\000d\000s\000\040\000a\000b\000o\000u\000t\000\040\000W\000n\000t\000\040\000p\000r\000o\000t\000e\000i\000n\000s}{section.1}% 3
\BOOKMARK [2][-]{subsection.1.3}{\376\377\000P\000o\000s\000i\000t\000i\000o\000n\000-\000b\000a\000s\000e\000d\000\040\000r\000e\000g\000r\000o\000w\000t\000h\000\040\000a\000n\000d\000\040\000g\000r\000a\000f\000t\000i\000n\000g\000\040\000e\000x\000p\000e\000r\000i\000m\000e\000n\000t\000s}{section.1}% 4
\BOOKMARK [1][-]{section.2}{\376\377\000G\000e\000n\000e\000r\000a\000l\000\040\000T\000h\000e\000o\000r\000y}{}% 5
\BOOKMARK [2][-]{subsection.2.1}{\376\377\000D\000e\000r\000i\000v\000i\000n\000g\000\040\000r\000e\000a\000c\000t\000i\000o\000n\000-\000d\000i\000f\000f\000u\000s\000i\000o\000n\000\040\000e\000q\000u\000a\000t\000i\000o\000n\000s}{section.2}% 6
\BOOKMARK [2][-]{subsection.2.2}{\376\377\000R\000e\000a\000c\000t\000i\000o\000n\000-\000D\000i\000f\000f\000u\000s\000i\000o\000n\000-\000O\000D\000E\000\040\000p\000r\000o\000b\000l\000e\000m\000s}{section.2}% 7
\BOOKMARK [3][-]{subsubsection.2.2.1}{\376\377\000E\000x\000i\000s\000t\000e\000n\000c\000e\000\040\000o\000f\000\040\000s\000o\000l\000u\000t\000i\000o\000n\000s}{subsection.2.2}% 8
\BOOKMARK [1][-]{section.3}{\376\377\000A\000\040\000r\000e\000c\000e\000p\000t\000o\000r\000\040\000b\000a\000s\000e\000d\000\040\000m\000o\000d\000e\000l\000\040\000f\000o\000r\000\040\000h\000y\000d\000r\000a\000\040\000m\000o\000r\000p\000h\000o\000g\000e\000n\000e\000s\000i\000s}{}% 9
\BOOKMARK [2][-]{subsection.3.1}{\376\377\000I\000n\000t\000r\000o\000d\000u\000c\000t\000i\000o\000n\000\040\000o\000f\000\040\000t\000h\000e\000\040\000m\000o\000d\000e\000l}{section.3}% 10
\BOOKMARK [3][-]{subsubsection.3.1.1}{\376\377\000B\000i\000o\000l\000o\000g\000i\000c\000a\000l\000\040\000d\000e\000r\000i\000v\000a\000t\000i\000o\000n\000\040\000a\000n\000d\000\040\000d\000e\000s\000c\000r\000i\000p\000t\000i\000o\000n\000\040\000o\000f\000\040\000k\000i\000n\000e\000t\000i\000c\000s}{subsection.3.1}% 11
\BOOKMARK [3][-]{subsubsection.3.1.2}{\376\377\000C\000h\000o\000o\000s\000i\000n\000g\000\040\000k\000i\000n\000e\000t\000i\000c\000\040\000f\000u\000n\000c\000t\000i\000o\000n\000s}{subsection.3.1}% 12
\BOOKMARK [2][-]{subsection.3.2}{\376\377\000M\000o\000d\000e\000l\000\040\000r\000e\000d\000u\000c\000t\000i\000o\000n\000\040\000a\000n\000d\000\040\000p\000r\000o\000p\000e\000r\000t\000i\000e\000s}{section.3}% 13
\BOOKMARK [3][-]{subsubsection.3.2.1}{\376\377\000Q\000u\000a\000s\000i\000-\000s\000t\000e\000a\000d\000y\000-\000s\000t\000a\000t\000e\000\040\000a\000p\000p\000r\000o\000x\000i\000m\000a\000t\000i\000o\000n}{subsection.3.2}% 14
\BOOKMARK [3][-]{subsubsection.3.2.2}{\376\377\000C\000h\000a\000n\000g\000e\000\040\000o\000f\000\040\000v\000a\000r\000i\000a\000b\000l\000e}{subsection.3.2}% 15
\BOOKMARK [2][-]{subsection.3.3}{\376\377\000E\000x\000i\000s\000t\000e\000n\000c\000e\000\040\000o\000f\000\040\000s\000o\000l\000u\000t\000i\000o\000n\000s}{section.3}% 16
\BOOKMARK [2][-]{subsection.3.4}{\376\377\000F\000i\000n\000d\000i\000n\000g\000\040\000e\000q\000u\000i\000l\000i\000b\000r\000i\000a\000\040\000a\000n\000d\000\040\000b\000o\000u\000n\000d\000s\000\040\000o\000n\000\040\000p\000a\000r\000a\000m\000e\000t\000e\000r\000s}{section.3}% 17
\BOOKMARK [3][-]{subsubsection.3.4.1}{\376\377\000A\000n\000a\000l\000y\000t\000i\000c\000a\000l\000\040\000e\000x\000p\000r\000e\000s\000s\000i\000o\000n\000\040\000o\000f\000\040\000c\000o\000n\000s\000t\000a\000n\000t\000\040\000s\000t\000e\000a\000d\000y\000-\000s\000t\000a\000t\000e\000s}{subsection.3.4}% 18
\BOOKMARK [3][-]{subsubsection.3.4.2}{\376\377\000S\000n\000a\000c\000k\000\040\000b\000r\000e\000a\000k\000:\000\040\000f\000i\000n\000d\000i\000n\000g\000\040\000b\000o\000u\000n\000d\000s\000\040\000o\000n\000\040\000a\000s\000y\000m\000p\000t\000o\000t\000i\000c\000a\000l\000l\000y\000\040\000s\000t\000a\000b\000l\000e\000\040\000s\000p\000a\000t\000i\000a\000l\000l\000y\000\040\000h\000o\000m\000o\000g\000e\000n\000e\000o\000u\000s\000\040\000s\000t\000a\000t\000i\000o\000n\000a\000r\000y\000\040\000s\000o\000l\000u\000t\000i\000o\000n\000s}{subsection.3.4}% 19
\BOOKMARK [2][-]{subsection.3.5}{\376\377\000L\000i\000n\000e\000a\000r\000\040\000d\000y\000n\000a\000m\000i\000c\000s\000\040\000a\000n\000d\000\040\000l\000o\000c\000a\000l\000\040\000b\000e\000h\000a\000v\000i\000o\000r\000\040\000o\000f\000\040\000t\000h\000e\000\040\000s\000y\000s\000t\000e\000m}{section.3}% 20
\BOOKMARK [3][-]{subsubsection.3.5.1}{\376\377\000I\000n\000\040\000a\000\040\000n\000e\000i\000g\000h\000b\000o\000r\000h\000o\000o\000d\000\040\000o\000f\000\040\000t\000h\000e\000\040\000o\000r\000i\000g\000i\000n}{subsection.3.5}% 21
\BOOKMARK [3][-]{subsubsection.3.5.2}{\376\377\000A\000r\000o\000u\000n\000d\000\040\000t\000h\000e\000\040\000o\000t\000h\000e\000r\000\040\000s\000t\000e\000a\000d\000y\000\040\000s\000t\000a\000t\000e}{subsection.3.5}% 22
